<?xml version="1.0" encoding="UTF-8"?>
<!-- Generated by org.testng.reporters.JUnitXMLReporter -->
<testsuite hostname="LAPTOP-KCVV6FEE" ignored="0" name="Test" tests="1" failures="1" timestamp="2020-08-12T15:47:37 EEST" time="0.041" errors="0">
  <testcase name="totalValidadion" time="0.007" classname="Section14Subsection117Maven.AppiumFramework.ecommerce_tc_4">
    <failure type="java.io.FileNotFoundException" message="null\src\main\java\Section14Subsection117Maven\AppiumFramework\global.properties (The system cannot find the path specified)">
      <![CDATA[java.io.FileNotFoundException: null\src\main\java\Section14Subsection117Maven\AppiumFramework\global.properties (The system cannot find the path specified)
at java.io.FileInputStream.open0(Native Method)
at java.io.FileInputStream.open(Unknown Source)
at java.io.FileInputStream.<init>(Unknown Source)
at java.io.FileInputStream.<init>(Unknown Source)
at Section14Subsection117Maven.AppiumFramework.base.Capabilities(base.java:24)
at Section14Subsection117Maven.AppiumFramework.ecommerce_tc_4.totalValidadion(ecommerce_tc_4.java:19)
at java.util.ArrayList.forEach(Unknown Source)
... Removed 27 stack frames]]>
    </failure>
  </testcase> <!-- totalValidadion -->
</testsuite> <!-- Test -->
